2026-05-02 14:05:46,785 - INFO - Starting Experiment: linear_mse_12hr
2026-05-02 14:05:46,785 - INFO - Run directory created at: C:\Users\Loper Laptop\Desktop\10-620 Independent Study\Code\experiments\targets\healthy_ride\linear_mse_12hr\20260502_140546
2026-05-02 14:05:46,943 - INFO - Set parameter Username
2026-05-02 14:05:46,943 - INFO - Set parameter LicenseID to value 2774727
2026-05-02 14:05:46,945 - INFO - Academic license - for non-commercial use only - expires 2027-02-03
2026-05-02 14:06:41,857 - INFO - Epoch 1 Train Loss: 1.2630 Test Loss: 1.8056
2026-05-02 14:06:41,968 - INFO - Epoch 2 Train Loss: 1.2208 Test Loss: 1.7651
2026-05-02 14:06:42,045 - INFO - Epoch 3 Train Loss: 1.1843 Test Loss: 1.7299
2026-05-02 14:06:42,124 - INFO - Epoch 4 Train Loss: 1.1531 Test Loss: 1.6995
2026-05-02 14:06:42,205 - INFO - Epoch 5 Train Loss: 1.1260 Test Loss: 1.6737
2026-05-02 14:06:42,281 - INFO - Epoch 6 Train Loss: 1.1024 Test Loss: 1.6511
2026-05-02 14:06:42,355 - INFO - Epoch 7 Train Loss: 1.0821 Test Loss: 1.6316
2026-05-02 14:06:42,441 - INFO - Epoch 8 Train Loss: 1.0659 Test Loss: 1.6150
2026-05-02 14:06:42,542 - INFO - Epoch 9 Train Loss: 1.0508 Test Loss: 1.6006
2026-05-02 14:06:42,625 - INFO - Epoch 10 Train Loss: 1.0359 Test Loss: 1.5880
2026-05-02 14:06:42,724 - INFO - Epoch 11 Train Loss: 1.0249 Test Loss: 1.5774
2026-05-02 14:06:42,809 - INFO - Epoch 12 Train Loss: 1.0149 Test Loss: 1.5680
2026-05-02 14:06:42,908 - INFO - Epoch 13 Train Loss: 1.0070 Test Loss: 1.5602
2026-05-02 14:06:43,003 - INFO - Epoch 14 Train Loss: 0.9997 Test Loss: 1.5534
2026-05-02 14:06:43,089 - INFO - Epoch 15 Train Loss: 0.9932 Test Loss: 1.5474
2026-05-02 14:06:43,175 - INFO - Epoch 16 Train Loss: 0.9894 Test Loss: 1.5424
2026-05-02 14:06:43,259 - INFO - Epoch 17 Train Loss: 0.9842 Test Loss: 1.5380
2026-05-02 14:06:43,342 - INFO - Epoch 18 Train Loss: 0.9808 Test Loss: 1.5342
2026-05-02 14:06:43,426 - INFO - Epoch 19 Train Loss: 0.9776 Test Loss: 1.5311
2026-05-02 14:06:43,508 - INFO - Epoch 20 Train Loss: 0.9737 Test Loss: 1.5283
2026-05-02 14:06:43,608 - INFO - Epoch 21 Train Loss: 0.9718 Test Loss: 1.5259
2026-05-02 14:06:43,691 - INFO - Epoch 22 Train Loss: 0.9699 Test Loss: 1.5240
2026-05-02 14:06:43,764 - INFO - Epoch 23 Train Loss: 0.9683 Test Loss: 1.5221
2026-05-02 14:06:43,838 - INFO - Epoch 24 Train Loss: 0.9659 Test Loss: 1.5208
2026-05-02 14:06:43,917 - INFO - Epoch 25 Train Loss: 0.9653 Test Loss: 1.5194
2026-05-02 14:06:43,992 - INFO - Epoch 26 Train Loss: 0.9643 Test Loss: 1.5186
2026-05-02 14:06:44,077 - INFO - Epoch 27 Train Loss: 0.9637 Test Loss: 1.5175
2026-05-02 14:06:44,158 - INFO - Epoch 28 Train Loss: 0.9629 Test Loss: 1.5168
2026-05-02 14:06:44,238 - INFO - Epoch 29 Train Loss: 0.9605 Test Loss: 1.5162
2026-05-02 14:06:44,326 - INFO - Epoch 30 Train Loss: 0.9597 Test Loss: 1.5155
2026-05-02 14:06:44,411 - INFO - Epoch 31 Train Loss: 0.9596 Test Loss: 1.5151
2026-05-02 14:06:44,493 - INFO - Epoch 32 Train Loss: 0.9584 Test Loss: 1.5145
2026-05-02 14:06:44,593 - INFO - Epoch 33 Train Loss: 0.9613 Test Loss: 1.5142
2026-05-02 14:06:44,689 - INFO - Epoch 34 Train Loss: 0.9575 Test Loss: 1.5139
2026-05-02 14:06:44,768 - INFO - Epoch 35 Train Loss: 0.9591 Test Loss: 1.5139
2026-05-02 14:06:44,844 - INFO - Epoch 36 Train Loss: 0.9572 Test Loss: 1.5136
2026-05-02 14:06:44,928 - INFO - Epoch 37 Train Loss: 0.9587 Test Loss: 1.5132
2026-05-02 14:06:45,026 - INFO - Epoch 38 Train Loss: 0.9582 Test Loss: 1.5132
2026-05-02 14:06:45,143 - INFO - Epoch 39 Train Loss: 0.9569 Test Loss: 1.5128
2026-05-02 14:06:45,229 - INFO - Epoch 40 Train Loss: 0.9561 Test Loss: 1.5129
2026-05-02 14:06:45,311 - INFO - Epoch 41 Train Loss: 0.9552 Test Loss: 1.5127
2026-05-02 14:06:45,394 - INFO - Epoch 42 Train Loss: 0.9553 Test Loss: 1.5128
2026-05-02 14:06:45,478 - INFO - Epoch 43 Train Loss: 0.9550 Test Loss: 1.5126
2026-05-02 14:06:45,573 - INFO - Epoch 44 Train Loss: 0.9559 Test Loss: 1.5125
2026-05-02 14:06:45,661 - INFO - Epoch 45 Train Loss: 0.9557 Test Loss: 1.5124
2026-05-02 14:06:45,745 - INFO - Epoch 46 Train Loss: 0.9552 Test Loss: 1.5126
2026-05-02 14:06:45,828 - INFO - Epoch 47 Train Loss: 0.9576 Test Loss: 1.5128
2026-05-02 14:06:45,944 - INFO - Epoch 48 Train Loss: 0.9538 Test Loss: 1.5125
2026-05-02 14:06:46,028 - INFO - Epoch 49 Train Loss: 0.9558 Test Loss: 1.5122
2026-05-02 14:06:46,111 - INFO - Epoch 50 Train Loss: 0.9552 Test Loss: 1.5123
2026-05-02 14:06:46,111 - INFO - Done training
2026-05-02 14:06:46,111 - INFO - Starting evaluation
2026-05-02 14:07:43,875 - INFO - Final Stats:
Train MSE: 0.9567 Train Cost: 7.3611, Optimal Train Cost: 0.0205
Test MSE: 1.5123 Test Cost: 10.9342, Optimal Test Cost: 0.4082
2026-05-02 14:07:43,935 - INFO - Data saved to: C:\Users\Loper Laptop\Desktop\10-620 Independent Study\Code\experiments\targets\healthy_ride\linear_mse_12hr\20260502_140546\results.parquet
2026-05-02 14:07:44,050 - INFO - Starting simulation!
2026-05-02 14:08:04,186 - INFO - Starting complete!
2026-05-02 14:08:04,186 - INFO - Simulation Metrics: 
Lost Demand         16.536986
Over Capacity        1.517808
Forced Returns       0.120548
Moved Bikes        247.506849
Total Inventory    534.142466
dtype: float64
