2026-04-28 15:34:03,850 - INFO - Starting Experiment: linear_dfl
2026-04-28 15:34:03,850 - INFO - Run directory created at: C:\Users\Loper Laptop\Desktop\10-620 Independent Study\Code\experiments\pogoh\linear_dfl\20260428_153403
2026-04-28 15:34:04,007 - INFO - Set parameter Username
2026-04-28 15:34:04,007 - INFO - Set parameter LicenseID to value 2774727
2026-04-28 15:34:04,009 - INFO - Academic license - for non-commercial use only - expires 2027-02-03
2026-04-28 15:35:09,744 - INFO - Epoch 1 Train Loss: 106.5564 Test Loss: 133.8841
2026-04-28 15:35:29,972 - INFO - Epoch 2 Train Loss: 94.3027 Test Loss: 127.5205
2026-04-28 15:35:51,610 - INFO - Epoch 3 Train Loss: 88.4406 Test Loss: 124.3764
2026-04-28 15:36:12,913 - INFO - Epoch 4 Train Loss: 84.5581 Test Loss: 122.1472
2026-04-28 15:36:34,618 - INFO - Epoch 5 Train Loss: 84.2079 Test Loss: 120.3952
2026-04-28 15:36:55,810 - INFO - Epoch 6 Train Loss: 82.7669 Test Loss: 119.3495
2026-04-28 15:37:16,865 - INFO - Epoch 7 Train Loss: 82.7553 Test Loss: 118.4564
2026-04-28 15:37:38,354 - INFO - Epoch 8 Train Loss: 81.5591 Test Loss: 117.7308
2026-04-28 15:38:00,014 - INFO - Epoch 9 Train Loss: 81.5699 Test Loss: 117.1020
2026-04-28 15:38:32,722 - INFO - Epoch 10 Train Loss: 81.4916 Test Loss: 116.6031
2026-04-28 15:39:00,860 - INFO - Epoch 11 Train Loss: 80.1859 Test Loss: 116.1928
2026-04-28 15:39:28,643 - INFO - Epoch 12 Train Loss: 80.9830 Test Loss: 115.9306
2026-04-28 15:39:59,339 - INFO - Epoch 13 Train Loss: 80.2955 Test Loss: 115.6075
2026-04-28 15:40:22,810 - INFO - Epoch 14 Train Loss: 80.6823 Test Loss: 115.2702
2026-04-28 15:40:51,658 - INFO - Epoch 15 Train Loss: 80.8842 Test Loss: 114.9047
2026-04-28 15:41:17,254 - INFO - Epoch 16 Train Loss: 79.8962 Test Loss: 115.0901
2026-04-28 15:41:43,384 - INFO - Epoch 17 Train Loss: 79.7662 Test Loss: 114.7750
2026-04-28 15:42:14,319 - INFO - Epoch 18 Train Loss: 79.6646 Test Loss: 114.7396
2026-04-28 15:42:47,771 - INFO - Epoch 19 Train Loss: 80.6050 Test Loss: 114.5653
2026-04-28 15:43:13,834 - INFO - Epoch 20 Train Loss: 80.2272 Test Loss: 114.6060
2026-04-28 15:43:41,151 - INFO - Epoch 21 Train Loss: 80.4475 Test Loss: 114.3485
2026-04-28 15:44:08,277 - INFO - Epoch 22 Train Loss: 80.1665 Test Loss: 114.1962
2026-04-28 15:44:44,440 - INFO - Epoch 23 Train Loss: 79.8771 Test Loss: 114.2858
2026-04-28 15:45:14,969 - INFO - Epoch 24 Train Loss: 79.9200 Test Loss: 113.9941
2026-04-28 15:45:45,281 - INFO - Epoch 25 Train Loss: 80.5693 Test Loss: 114.2334
2026-04-28 15:46:15,760 - INFO - Epoch 26 Train Loss: 79.1292 Test Loss: 114.0992
2026-04-28 15:46:44,739 - INFO - Epoch 27 Train Loss: 79.9928 Test Loss: 113.9030
2026-04-28 15:47:10,793 - INFO - Epoch 28 Train Loss: 80.4133 Test Loss: 113.7998
2026-04-28 15:47:43,177 - INFO - Epoch 29 Train Loss: 79.3726 Test Loss: 113.7693
2026-04-28 15:48:14,389 - INFO - Epoch 30 Train Loss: 80.1036 Test Loss: 113.9894
2026-04-28 15:48:38,888 - INFO - Epoch 31 Train Loss: 80.0259 Test Loss: 113.7493
2026-04-28 15:49:12,717 - INFO - Epoch 32 Train Loss: 79.5877 Test Loss: 113.6091
2026-04-28 15:49:39,959 - INFO - Epoch 33 Train Loss: 79.7257 Test Loss: 113.6522
2026-04-28 15:50:09,814 - INFO - Epoch 34 Train Loss: 80.0041 Test Loss: 113.4908
2026-04-28 15:50:32,289 - INFO - Epoch 35 Train Loss: 80.0286 Test Loss: 113.5672
2026-04-28 15:50:58,637 - INFO - Epoch 36 Train Loss: 79.1185 Test Loss: 113.5042
2026-04-28 15:51:24,321 - INFO - Epoch 37 Train Loss: 80.1084 Test Loss: 113.6499
2026-04-28 15:51:48,830 - INFO - Epoch 38 Train Loss: 79.7494 Test Loss: 113.5047
2026-04-28 15:52:13,687 - INFO - Epoch 39 Train Loss: 80.4508 Test Loss: 113.5175
2026-04-28 15:52:37,786 - INFO - Epoch 40 Train Loss: 79.5270 Test Loss: 113.5246
2026-04-28 15:53:05,944 - INFO - Epoch 41 Train Loss: 80.0129 Test Loss: 113.3274
2026-04-28 15:53:35,099 - INFO - Epoch 42 Train Loss: 79.5740 Test Loss: 113.4325
2026-04-28 15:54:00,260 - INFO - Epoch 43 Train Loss: 79.4183 Test Loss: 113.5097
2026-04-28 15:54:31,098 - INFO - Epoch 44 Train Loss: 80.0119 Test Loss: 113.5330
2026-04-28 15:54:59,645 - INFO - Epoch 45 Train Loss: 80.3374 Test Loss: 113.3516
2026-04-28 15:55:25,360 - INFO - Epoch 46 Train Loss: 80.6753 Test Loss: 113.2155
2026-04-28 15:55:53,460 - INFO - Epoch 47 Train Loss: 80.1427 Test Loss: 113.2390
2026-04-28 15:56:26,975 - INFO - Epoch 48 Train Loss: 80.3935 Test Loss: 112.9981
2026-04-28 15:56:54,681 - INFO - Epoch 49 Train Loss: 79.5450 Test Loss: 113.1295
2026-04-28 15:57:21,217 - INFO - Epoch 50 Train Loss: 80.8871 Test Loss: 113.3972
2026-04-28 15:57:21,217 - INFO - Done training
2026-04-28 15:57:21,218 - INFO - Starting evaluation
2026-04-28 15:58:03,574 - INFO - Final Stats:
Train MSE: 2.5755 Train Cost: 23.2389, Optimal Train Cost: 0.7688
Test MSE: 4.2504 Test Cost: 34.5781, Optimal Test Cost: 2.8055
2026-04-28 15:58:03,618 - INFO - Data saved to: C:\Users\Loper Laptop\Desktop\10-620 Independent Study\Code\experiments\pogoh\linear_dfl\20260428_153403\results.parquet
2026-04-28 15:58:04,779 - INFO - Starting simulation!
2026-04-28 15:58:26,993 - INFO - Starting complete!
2026-04-28 15:58:26,999 - INFO - Simulation Metrics: 
Lost Demand        112.309589
Over Capacity      121.586301
Forced Returns      65.797260
Moved Bikes        315.476712
Total Inventory    534.931507
dtype: float64
