2026-04-29 09:58:29,449 - INFO - Starting Experiment: linear_dfl
2026-04-29 09:58:29,449 - INFO - Run directory created at: C:\Users\Loper Laptop\Desktop\10-620 Independent Study\Code\experiments\healthy_ride\linear_dfl\20260429_095829
2026-04-29 09:58:29,753 - INFO - Set parameter Username
2026-04-29 09:58:29,753 - INFO - Set parameter LicenseID to value 2774727
2026-04-29 09:58:29,757 - INFO - Academic license - for non-commercial use only - expires 2027-02-03
2026-04-29 10:01:00,408 - INFO - Epoch 1 Train Loss: 104.9439 Test Loss: 102.9913
2026-04-29 10:01:34,735 - INFO - Epoch 2 Train Loss: 92.7554 Test Loss: 98.2004
2026-04-29 10:02:09,046 - INFO - Epoch 3 Train Loss: 88.0455 Test Loss: 96.6401
2026-04-29 10:02:44,385 - INFO - Epoch 4 Train Loss: 85.9412 Test Loss: 96.3724
2026-04-29 10:03:59,381 - INFO - Epoch 5 Train Loss: 84.8743 Test Loss: 96.3000
2026-04-29 10:05:39,840 - INFO - Epoch 6 Train Loss: 84.2362 Test Loss: 96.3033
2026-04-29 10:06:58,786 - INFO - Epoch 7 Train Loss: 83.8788 Test Loss: 96.1951
2026-04-29 10:07:50,645 - INFO - Epoch 8 Train Loss: 83.5981 Test Loss: 96.3085
2026-04-29 10:08:26,255 - INFO - Epoch 9 Train Loss: 83.4232 Test Loss: 96.2643
2026-04-29 10:09:01,335 - INFO - Epoch 10 Train Loss: 83.2410 Test Loss: 96.3778
2026-04-29 10:09:37,077 - INFO - Epoch 11 Train Loss: 83.1273 Test Loss: 96.4774
2026-04-29 10:10:14,211 - INFO - Epoch 12 Train Loss: 83.0518 Test Loss: 96.4397
2026-04-29 10:11:53,518 - INFO - Epoch 13 Train Loss: 83.0404 Test Loss: 96.5066
2026-04-29 10:12:31,666 - INFO - Epoch 14 Train Loss: 83.0561 Test Loss: 96.6213
2026-04-29 10:13:09,564 - INFO - Epoch 15 Train Loss: 82.9692 Test Loss: 96.6619
2026-04-29 10:13:47,232 - INFO - Epoch 16 Train Loss: 82.9080 Test Loss: 96.7066
2026-04-29 10:14:34,334 - INFO - Epoch 17 Train Loss: 82.9100 Test Loss: 96.7716
2026-04-29 10:15:55,904 - INFO - Epoch 18 Train Loss: 82.9017 Test Loss: 96.7312
2026-04-29 10:16:44,750 - INFO - Epoch 19 Train Loss: 82.8718 Test Loss: 96.9237
2026-04-29 10:17:22,379 - INFO - Epoch 20 Train Loss: 82.8661 Test Loss: 96.8626
2026-04-29 10:18:00,357 - INFO - Epoch 21 Train Loss: 82.8725 Test Loss: 96.8932
2026-04-29 10:18:38,064 - INFO - Epoch 22 Train Loss: 82.9140 Test Loss: 96.8421
2026-04-29 10:19:16,074 - INFO - Epoch 23 Train Loss: 82.8446 Test Loss: 96.8703
2026-04-29 10:19:53,876 - INFO - Epoch 24 Train Loss: 82.7783 Test Loss: 96.9064
2026-04-29 10:20:31,337 - INFO - Epoch 25 Train Loss: 82.8918 Test Loss: 96.9036
2026-04-29 10:20:31,343 - INFO - Done training
2026-04-29 10:20:31,343 - INFO - Starting evaluation
2026-04-29 10:21:41,491 - INFO - Final Stats:
Train MSE: 1.8183 Train Cost: 26.6375, Optimal Train Cost: 0.1286
Test MSE: 2.3208 Test Cost: 35.1233, Optimal Test Cost: 1.4877
2026-04-29 10:21:41,559 - INFO - Data saved to: C:\Users\Loper Laptop\Desktop\10-620 Independent Study\Code\experiments\healthy_ride\linear_dfl\20260429_095829\results.parquet
2026-04-29 10:21:41,730 - INFO - Starting simulation!
2026-04-29 10:22:02,725 - INFO - Starting complete!
2026-04-29 10:22:02,739 - INFO - Simulation Metrics: 
Lost Demand         73.194521
Over Capacity        7.931507
Forced Returns       1.263014
Moved Bikes        184.320548
Total Inventory    541.920548
dtype: float64
