2026-04-29 10:52:05,258 - INFO - Starting Experiment: do_nothing
2026-04-29 10:52:05,258 - INFO - Run directory created at: C:\Users\Loper Laptop\Desktop\10-620 Independent Study\Code\experiments\healthy_ride\do_nothing\20260429_105205
2026-04-29 10:52:05,435 - INFO - Set parameter Username
2026-04-29 10:52:05,435 - INFO - Set parameter LicenseID to value 2774727
2026-04-29 10:52:05,435 - INFO - Academic license - for non-commercial use only - expires 2027-02-03
2026-04-29 10:53:08,777 - INFO - Epoch 1 Train Loss: 1.2743 Test Loss: 1.7645
2026-04-29 10:53:08,777 - INFO - Done training
2026-04-29 10:53:08,777 - INFO - Starting evaluation
2026-04-29 10:54:16,176 - INFO - Final Stats:
Train MSE: 1.2526 Train Cost: 20.9767, Optimal Train Cost: 0.1286
Test MSE: 1.7645 Test Cost: 28.3507, Optimal Test Cost: 1.4877
2026-04-29 10:54:16,248 - INFO - Data saved to: C:\Users\Loper Laptop\Desktop\10-620 Independent Study\Code\experiments\healthy_ride\do_nothing\20260429_105205\results.parquet
2026-04-29 10:54:16,408 - INFO - Starting simulation!
2026-04-29 10:54:17,527 - INFO - Starting complete!
2026-04-29 10:54:17,527 - INFO - Simulation Metrics: 
Lost Demand         98.934247
Over Capacity       16.969863
Forced Returns      12.323288
Moved Bikes               NaN
Total Inventory    501.539726
dtype: float64
