2026-05-02 14:20:09,922 - INFO - Starting Experiment: optimal_12hr
2026-05-02 14:20:09,922 - INFO - Run directory created at: C:\Users\Loper Laptop\Desktop\10-620 Independent Study\Code\experiments\targets\pogoh\optimal_12hr\20260502_142009
2026-05-02 14:20:10,072 - INFO - Set parameter Username
2026-05-02 14:20:10,072 - INFO - Set parameter LicenseID to value 2774727
2026-05-02 14:20:10,080 - INFO - Academic license - for non-commercial use only - expires 2027-02-03
2026-05-02 14:20:37,429 - INFO - Epoch 1 Train Loss: 1.1581 Test Loss: 1.6197
2026-05-02 14:20:37,429 - INFO - Done training
2026-05-02 14:20:37,429 - INFO - Starting evaluation
2026-05-02 14:21:07,359 - INFO - Final Stats:
Train MSE: 1.0349 Train Cost: 23.1869, Optimal Train Cost: 5.3603
Test MSE: 1.6197 Test Cost: 41.5726, Optimal Test Cost: 14.8027
2026-05-02 14:21:07,378 - INFO - Data saved to: C:\Users\Loper Laptop\Desktop\10-620 Independent Study\Code\experiments\targets\pogoh\optimal_12hr\20260502_142009\results.parquet
2026-05-02 14:21:07,791 - INFO - Starting simulation!
2026-05-02 14:21:20,870 - INFO - Starting complete!
2026-05-02 14:21:20,870 - INFO - Simulation Metrics: 
Lost Demand         28.065753
Over Capacity       19.452055
Forced Returns       9.432877
Moved Bikes        387.893151
Total Inventory    517.501370
dtype: float64
