2026-04-28 23:02:53,312 - INFO - Starting Experiment: linear_dfl
2026-04-28 23:02:53,312 - INFO - Run directory created at: C:\Users\Loper Laptop\Desktop\10-620 Independent Study\Code\experiments\healthy_ride\linear_dfl\20260428_230253
2026-04-28 23:02:53,488 - INFO - Set parameter Username
2026-04-28 23:02:53,488 - INFO - Set parameter LicenseID to value 2774727
2026-04-28 23:02:53,490 - INFO - Academic license - for non-commercial use only - expires 2027-02-03
2026-04-28 23:04:45,590 - INFO - Epoch 1 Train Loss: 107.7433 Test Loss: 105.3804
2026-04-28 23:05:28,251 - INFO - Epoch 2 Train Loss: 94.4571 Test Loss: 99.0565
2026-04-28 23:06:15,365 - INFO - Epoch 3 Train Loss: 89.0550 Test Loss: 96.9467
2026-04-28 23:06:59,185 - INFO - Epoch 4 Train Loss: 86.6494 Test Loss: 96.2966
2026-04-28 23:07:43,689 - INFO - Epoch 5 Train Loss: 85.2862 Test Loss: 95.8760
2026-04-28 23:08:29,603 - INFO - Epoch 6 Train Loss: 84.5617 Test Loss: 95.9368
2026-04-28 23:09:12,074 - INFO - Epoch 7 Train Loss: 84.0101 Test Loss: 95.9322
2026-04-28 23:09:56,121 - INFO - Epoch 8 Train Loss: 83.6548 Test Loss: 96.2159
2026-04-28 23:10:40,109 - INFO - Epoch 9 Train Loss: 83.4634 Test Loss: 96.3206
2026-04-28 23:11:23,963 - INFO - Epoch 10 Train Loss: 83.2709 Test Loss: 96.3835
2026-04-28 23:12:08,196 - INFO - Epoch 11 Train Loss: 83.1500 Test Loss: 96.4691
2026-04-28 23:12:52,654 - INFO - Epoch 12 Train Loss: 83.1036 Test Loss: 96.5673
2026-04-28 23:13:37,083 - INFO - Epoch 13 Train Loss: 83.0303 Test Loss: 96.4309
2026-04-28 23:14:20,986 - INFO - Epoch 14 Train Loss: 83.0289 Test Loss: 96.5953
2026-04-28 23:15:07,232 - INFO - Epoch 15 Train Loss: 82.9470 Test Loss: 96.6054
2026-04-28 23:15:51,588 - INFO - Epoch 16 Train Loss: 82.9483 Test Loss: 96.7295
2026-04-28 23:16:37,367 - INFO - Epoch 17 Train Loss: 82.8783 Test Loss: 96.6478
2026-04-28 23:17:23,226 - INFO - Epoch 18 Train Loss: 82.9866 Test Loss: 96.7739
2026-04-28 23:18:10,416 - INFO - Epoch 19 Train Loss: 82.8980 Test Loss: 96.9720
2026-04-28 23:18:56,123 - INFO - Epoch 20 Train Loss: 82.8959 Test Loss: 96.9390
2026-04-28 23:19:42,659 - INFO - Epoch 21 Train Loss: 82.8188 Test Loss: 96.8013
2026-04-28 23:20:28,494 - INFO - Epoch 22 Train Loss: 82.8834 Test Loss: 96.8563
2026-04-28 23:21:13,392 - INFO - Epoch 23 Train Loss: 82.8812 Test Loss: 96.9523
2026-04-28 23:21:58,928 - INFO - Epoch 24 Train Loss: 82.9022 Test Loss: 96.8860
2026-04-28 23:22:45,984 - INFO - Epoch 25 Train Loss: 82.9009 Test Loss: 96.8562
2026-04-28 23:22:45,984 - INFO - Done training
2026-04-28 23:22:45,985 - INFO - Starting evaluation
2026-04-28 23:23:54,767 - INFO - Final Stats:
Train MSE: 1.8262 Train Cost: 26.5007, Optimal Train Cost: 0.1286
Test MSE: 2.3286 Test Cost: 34.7452, Optimal Test Cost: 1.4877
2026-04-28 23:23:54,825 - INFO - Data saved to: C:\Users\Loper Laptop\Desktop\10-620 Independent Study\Code\experiments\healthy_ride\linear_dfl\20260428_230253\results.parquet
