2026-04-28 20:37:59,187 - INFO - Starting Experiment: do_nothing
2026-04-28 20:37:59,188 - INFO - Run directory created at: C:\Users\Loper Laptop\Desktop\10-620 Independent Study\Code\experiments\pogoh\do_nothing\20260428_203759
2026-04-28 20:37:59,350 - INFO - Set parameter Username
2026-04-28 20:37:59,350 - INFO - Set parameter LicenseID to value 2774727
2026-04-28 20:37:59,352 - INFO - Academic license - for non-commercial use only - expires 2027-02-03
2026-04-28 20:38:28,516 - INFO - Epoch 1 Train Loss: 1.1260 Test Loss: 2.7790
2026-04-28 20:38:28,516 - INFO - Done training
2026-04-28 20:38:28,516 - INFO - Starting evaluation
2026-04-28 20:38:59,304 - INFO - Final Stats:
Train MSE: 1.0227 Train Cost: 23.2871, Optimal Train Cost: 0.7688
Test MSE: 2.7790 Test Cost: 34.8384, Optimal Test Cost: 2.8055
2026-04-28 20:38:59,338 - INFO - Data saved to: C:\Users\Loper Laptop\Desktop\10-620 Independent Study\Code\experiments\pogoh\do_nothing\20260428_203759\results.parquet
2026-04-28 20:39:00,393 - INFO - Starting simulation!
2026-04-28 20:39:04,776 - INFO - Starting complete!
2026-04-28 20:39:04,784 - INFO - Simulation Metrics: 
Lost Demand        257.936986
Over Capacity       69.394521
Forced Returns      52.682192
Moved Bikes               NaN
Total Inventory    498.413699
dtype: float64
