2026-04-28 22:54:56,275 - INFO - Starting Experiment: linear_mse
2026-04-28 22:54:56,275 - INFO - Run directory created at: C:\Users\Loper Laptop\Desktop\10-620 Independent Study\Code\experiments\healthy_ride\linear_mse\20260428_225456
2026-04-28 22:54:56,460 - INFO - Set parameter Username
2026-04-28 22:54:56,461 - INFO - Set parameter LicenseID to value 2774727
2026-04-28 22:54:56,462 - INFO - Academic license - for non-commercial use only - expires 2027-02-03
2026-04-28 22:55:57,286 - INFO - Epoch 1 Train Loss: 1.1375 Test Loss: 1.5276
2026-04-28 22:55:57,395 - INFO - Epoch 2 Train Loss: 1.0081 Test Loss: 1.4860
2026-04-28 22:55:57,492 - INFO - Epoch 3 Train Loss: 0.9882 Test Loss: 1.4784
2026-04-28 22:55:57,577 - INFO - Epoch 4 Train Loss: 0.9858 Test Loss: 1.4788
2026-04-28 22:55:57,662 - INFO - Epoch 5 Train Loss: 0.9850 Test Loss: 1.4787
2026-04-28 22:55:57,744 - INFO - Epoch 6 Train Loss: 0.9837 Test Loss: 1.4786
2026-04-28 22:55:57,832 - INFO - Epoch 7 Train Loss: 0.9848 Test Loss: 1.4773
2026-04-28 22:55:57,920 - INFO - Epoch 8 Train Loss: 0.9848 Test Loss: 1.4787
2026-04-28 22:55:58,039 - INFO - Epoch 9 Train Loss: 0.9830 Test Loss: 1.4778
2026-04-28 22:55:58,181 - INFO - Epoch 10 Train Loss: 0.9847 Test Loss: 1.4786
2026-04-28 22:55:58,331 - INFO - Epoch 11 Train Loss: 0.9834 Test Loss: 1.4780
2026-04-28 22:55:58,482 - INFO - Epoch 12 Train Loss: 0.9841 Test Loss: 1.4781
2026-04-28 22:55:58,630 - INFO - Epoch 13 Train Loss: 0.9841 Test Loss: 1.4780
2026-04-28 22:55:58,765 - INFO - Epoch 14 Train Loss: 0.9836 Test Loss: 1.4780
2026-04-28 22:55:58,898 - INFO - Epoch 15 Train Loss: 0.9839 Test Loss: 1.4774
2026-04-28 22:55:59,025 - INFO - Epoch 16 Train Loss: 0.9830 Test Loss: 1.4784
2026-04-28 22:55:59,153 - INFO - Epoch 17 Train Loss: 0.9830 Test Loss: 1.4787
2026-04-28 22:55:59,264 - INFO - Epoch 18 Train Loss: 0.9833 Test Loss: 1.4768
2026-04-28 22:55:59,387 - INFO - Epoch 19 Train Loss: 0.9845 Test Loss: 1.4770
2026-04-28 22:55:59,513 - INFO - Epoch 20 Train Loss: 0.9851 Test Loss: 1.4788
2026-04-28 22:55:59,659 - INFO - Epoch 21 Train Loss: 0.9837 Test Loss: 1.4789
2026-04-28 22:55:59,886 - INFO - Epoch 22 Train Loss: 0.9858 Test Loss: 1.4777
2026-04-28 22:56:00,003 - INFO - Epoch 23 Train Loss: 0.9833 Test Loss: 1.4772
2026-04-28 22:56:00,089 - INFO - Epoch 24 Train Loss: 0.9838 Test Loss: 1.4795
2026-04-28 22:56:00,184 - INFO - Epoch 25 Train Loss: 0.9846 Test Loss: 1.4779
2026-04-28 22:56:00,312 - INFO - Epoch 26 Train Loss: 0.9846 Test Loss: 1.4779
2026-04-28 22:56:00,426 - INFO - Epoch 27 Train Loss: 0.9836 Test Loss: 1.4783
2026-04-28 22:56:00,560 - INFO - Epoch 28 Train Loss: 0.9833 Test Loss: 1.4792
2026-04-28 22:56:00,695 - INFO - Epoch 29 Train Loss: 0.9836 Test Loss: 1.4765
2026-04-28 22:56:00,851 - INFO - Epoch 30 Train Loss: 0.9849 Test Loss: 1.4783
2026-04-28 22:56:00,994 - INFO - Epoch 31 Train Loss: 0.9823 Test Loss: 1.4778
2026-04-28 22:56:01,134 - INFO - Epoch 32 Train Loss: 0.9847 Test Loss: 1.4776
2026-04-28 22:56:01,292 - INFO - Epoch 33 Train Loss: 0.9815 Test Loss: 1.4781
2026-04-28 22:56:01,402 - INFO - Epoch 34 Train Loss: 0.9833 Test Loss: 1.4783
2026-04-28 22:56:01,530 - INFO - Epoch 35 Train Loss: 0.9840 Test Loss: 1.4789
2026-04-28 22:56:01,643 - INFO - Epoch 36 Train Loss: 0.9825 Test Loss: 1.4783
2026-04-28 22:56:01,785 - INFO - Epoch 37 Train Loss: 0.9834 Test Loss: 1.4766
2026-04-28 22:56:01,926 - INFO - Epoch 38 Train Loss: 0.9847 Test Loss: 1.4785
2026-04-28 22:56:02,053 - INFO - Epoch 39 Train Loss: 0.9843 Test Loss: 1.4784
2026-04-28 22:56:02,175 - INFO - Epoch 40 Train Loss: 0.9839 Test Loss: 1.4788
2026-04-28 22:56:02,287 - INFO - Epoch 41 Train Loss: 0.9843 Test Loss: 1.4785
2026-04-28 22:56:02,396 - INFO - Epoch 42 Train Loss: 0.9834 Test Loss: 1.4798
2026-04-28 22:56:02,535 - INFO - Epoch 43 Train Loss: 0.9846 Test Loss: 1.4780
2026-04-28 22:56:02,672 - INFO - Epoch 44 Train Loss: 0.9829 Test Loss: 1.4776
2026-04-28 22:56:02,824 - INFO - Epoch 45 Train Loss: 0.9849 Test Loss: 1.4788
2026-04-28 22:56:02,942 - INFO - Epoch 46 Train Loss: 0.9839 Test Loss: 1.4780
2026-04-28 22:56:03,048 - INFO - Epoch 47 Train Loss: 0.9816 Test Loss: 1.4792
2026-04-28 22:56:03,155 - INFO - Epoch 48 Train Loss: 0.9840 Test Loss: 1.4797
2026-04-28 22:56:03,294 - INFO - Epoch 49 Train Loss: 0.9837 Test Loss: 1.4784
2026-04-28 22:56:03,423 - INFO - Epoch 50 Train Loss: 0.9843 Test Loss: 1.4777
2026-04-28 22:56:03,529 - INFO - Epoch 51 Train Loss: 0.9851 Test Loss: 1.4785
2026-04-28 22:56:03,646 - INFO - Epoch 52 Train Loss: 0.9849 Test Loss: 1.4779
2026-04-28 22:56:03,727 - INFO - Epoch 53 Train Loss: 0.9842 Test Loss: 1.4796
2026-04-28 22:56:03,790 - INFO - Epoch 54 Train Loss: 0.9826 Test Loss: 1.4795
2026-04-28 22:56:03,856 - INFO - Epoch 55 Train Loss: 0.9850 Test Loss: 1.4776
2026-04-28 22:56:03,922 - INFO - Epoch 56 Train Loss: 0.9845 Test Loss: 1.4779
2026-04-28 22:56:03,993 - INFO - Epoch 57 Train Loss: 0.9843 Test Loss: 1.4783
2026-04-28 22:56:04,061 - INFO - Epoch 58 Train Loss: 0.9846 Test Loss: 1.4782
2026-04-28 22:56:04,125 - INFO - Epoch 59 Train Loss: 0.9845 Test Loss: 1.4787
2026-04-28 22:56:04,189 - INFO - Epoch 60 Train Loss: 0.9830 Test Loss: 1.4775
2026-04-28 22:56:04,252 - INFO - Epoch 61 Train Loss: 0.9825 Test Loss: 1.4783
2026-04-28 22:56:04,318 - INFO - Epoch 62 Train Loss: 0.9833 Test Loss: 1.4787
2026-04-28 22:56:04,382 - INFO - Epoch 63 Train Loss: 0.9847 Test Loss: 1.4788
2026-04-28 22:56:04,450 - INFO - Epoch 64 Train Loss: 0.9850 Test Loss: 1.4785
2026-04-28 22:56:04,514 - INFO - Epoch 65 Train Loss: 0.9811 Test Loss: 1.4785
2026-04-28 22:56:04,577 - INFO - Epoch 66 Train Loss: 0.9833 Test Loss: 1.4794
2026-04-28 22:56:04,641 - INFO - Epoch 67 Train Loss: 0.9848 Test Loss: 1.4786
2026-04-28 22:56:04,718 - INFO - Epoch 68 Train Loss: 0.9834 Test Loss: 1.4778
2026-04-28 22:56:04,783 - INFO - Epoch 69 Train Loss: 0.9844 Test Loss: 1.4777
2026-04-28 22:56:04,847 - INFO - Epoch 70 Train Loss: 0.9821 Test Loss: 1.4784
2026-04-28 22:56:04,914 - INFO - Epoch 71 Train Loss: 0.9830 Test Loss: 1.4782
2026-04-28 22:56:04,979 - INFO - Epoch 72 Train Loss: 0.9840 Test Loss: 1.4790
2026-04-28 22:56:05,045 - INFO - Epoch 73 Train Loss: 0.9846 Test Loss: 1.4784
2026-04-28 22:56:05,112 - INFO - Epoch 74 Train Loss: 0.9840 Test Loss: 1.4787
2026-04-28 22:56:05,180 - INFO - Epoch 75 Train Loss: 0.9833 Test Loss: 1.4770
2026-04-28 22:56:05,248 - INFO - Epoch 76 Train Loss: 0.9840 Test Loss: 1.4786
2026-04-28 22:56:05,314 - INFO - Epoch 77 Train Loss: 0.9835 Test Loss: 1.4782
2026-04-28 22:56:05,376 - INFO - Epoch 78 Train Loss: 0.9839 Test Loss: 1.4786
2026-04-28 22:56:05,438 - INFO - Epoch 79 Train Loss: 0.9830 Test Loss: 1.4788
2026-04-28 22:56:05,502 - INFO - Epoch 80 Train Loss: 0.9830 Test Loss: 1.4787
2026-04-28 22:56:05,565 - INFO - Epoch 81 Train Loss: 0.9826 Test Loss: 1.4773
2026-04-28 22:56:05,628 - INFO - Epoch 82 Train Loss: 0.9838 Test Loss: 1.4789
2026-04-28 22:56:05,690 - INFO - Epoch 83 Train Loss: 0.9821 Test Loss: 1.4770
2026-04-28 22:56:05,757 - INFO - Epoch 84 Train Loss: 0.9848 Test Loss: 1.4787
2026-04-28 22:56:05,822 - INFO - Epoch 85 Train Loss: 0.9831 Test Loss: 1.4793
2026-04-28 22:56:05,895 - INFO - Epoch 86 Train Loss: 0.9832 Test Loss: 1.4780
2026-04-28 22:56:05,962 - INFO - Epoch 87 Train Loss: 0.9844 Test Loss: 1.4780
2026-04-28 22:56:06,029 - INFO - Epoch 88 Train Loss: 0.9825 Test Loss: 1.4779
2026-04-28 22:56:06,094 - INFO - Epoch 89 Train Loss: 0.9832 Test Loss: 1.4807
2026-04-28 22:56:06,161 - INFO - Epoch 90 Train Loss: 0.9847 Test Loss: 1.4788
2026-04-28 22:56:06,229 - INFO - Epoch 91 Train Loss: 0.9827 Test Loss: 1.4780
2026-04-28 22:56:06,294 - INFO - Epoch 92 Train Loss: 0.9821 Test Loss: 1.4775
2026-04-28 22:56:06,361 - INFO - Epoch 93 Train Loss: 0.9834 Test Loss: 1.4789
2026-04-28 22:56:06,429 - INFO - Epoch 94 Train Loss: 0.9867 Test Loss: 1.4787
2026-04-28 22:56:06,492 - INFO - Epoch 95 Train Loss: 0.9824 Test Loss: 1.4770
2026-04-28 22:56:06,555 - INFO - Epoch 96 Train Loss: 0.9832 Test Loss: 1.4796
2026-04-28 22:56:06,624 - INFO - Epoch 97 Train Loss: 0.9845 Test Loss: 1.4769
2026-04-28 22:56:06,690 - INFO - Epoch 98 Train Loss: 0.9860 Test Loss: 1.4781
2026-04-28 22:56:06,770 - INFO - Epoch 99 Train Loss: 0.9840 Test Loss: 1.4792
2026-04-28 22:56:06,839 - INFO - Epoch 100 Train Loss: 0.9839 Test Loss: 1.4782
2026-04-28 22:56:06,839 - INFO - Done training
2026-04-28 22:56:06,839 - INFO - Starting evaluation
2026-04-28 22:57:15,470 - INFO - Final Stats:
Train MSE: 0.9778 Train Cost: 19.3037, Optimal Train Cost: 0.1286
Test MSE: 1.4782 Test Cost: 27.3945, Optimal Test Cost: 1.4877
2026-04-28 22:57:15,530 - INFO - Data saved to: C:\Users\Loper Laptop\Desktop\10-620 Independent Study\Code\experiments\healthy_ride\linear_mse\20260428_225456\results.parquet
