2026-04-29 09:54:12,062 - INFO - Starting Experiment: linear_mse
2026-04-29 09:54:12,064 - INFO - Run directory created at: C:\Users\Loper Laptop\Desktop\10-620 Independent Study\Code\experiments\healthy_ride\linear_mse\20260429_095412
2026-04-29 09:54:12,342 - INFO - Set parameter Username
2026-04-29 09:54:12,342 - INFO - Set parameter LicenseID to value 2774727
2026-04-29 09:54:12,344 - INFO - Academic license - for non-commercial use only - expires 2027-02-03
2026-04-29 09:55:27,566 - INFO - Epoch 1 Train Loss: 1.2591 Test Loss: 1.7363
2026-04-29 09:55:27,690 - INFO - Epoch 2 Train Loss: 1.2197 Test Loss: 1.6988
2026-04-29 09:55:27,823 - INFO - Epoch 3 Train Loss: 1.1855 Test Loss: 1.6663
2026-04-29 09:55:27,942 - INFO - Epoch 4 Train Loss: 1.1553 Test Loss: 1.6386
2026-04-29 09:55:28,067 - INFO - Epoch 5 Train Loss: 1.1301 Test Loss: 1.6149
2026-04-29 09:55:28,166 - INFO - Epoch 6 Train Loss: 1.1081 Test Loss: 1.5947
2026-04-29 09:55:28,277 - INFO - Epoch 7 Train Loss: 1.0888 Test Loss: 1.5773
2026-04-29 09:55:28,420 - INFO - Epoch 8 Train Loss: 1.0728 Test Loss: 1.5628
2026-04-29 09:55:28,554 - INFO - Epoch 9 Train Loss: 1.0588 Test Loss: 1.5499
2026-04-29 09:55:28,674 - INFO - Epoch 10 Train Loss: 1.0467 Test Loss: 1.5391
2026-04-29 09:55:28,795 - INFO - Epoch 11 Train Loss: 1.0380 Test Loss: 1.5298
2026-04-29 09:55:28,905 - INFO - Epoch 12 Train Loss: 1.0291 Test Loss: 1.5220
2026-04-29 09:55:29,053 - INFO - Epoch 13 Train Loss: 1.0219 Test Loss: 1.5154
2026-04-29 09:55:29,177 - INFO - Epoch 14 Train Loss: 1.0173 Test Loss: 1.5095
2026-04-29 09:55:29,307 - INFO - Epoch 15 Train Loss: 1.0099 Test Loss: 1.5047
2026-04-29 09:55:29,416 - INFO - Epoch 16 Train Loss: 1.0057 Test Loss: 1.5004
2026-04-29 09:55:29,527 - INFO - Epoch 17 Train Loss: 1.0029 Test Loss: 1.4971
2026-04-29 09:55:29,647 - INFO - Epoch 18 Train Loss: 1.0000 Test Loss: 1.4941
2026-04-29 09:55:29,778 - INFO - Epoch 19 Train Loss: 0.9981 Test Loss: 1.4914
2026-04-29 09:55:29,893 - INFO - Epoch 20 Train Loss: 0.9934 Test Loss: 1.4894
2026-04-29 09:55:30,002 - INFO - Epoch 21 Train Loss: 0.9916 Test Loss: 1.4875
2026-04-29 09:55:30,129 - INFO - Epoch 22 Train Loss: 0.9896 Test Loss: 1.4860
2026-04-29 09:55:30,232 - INFO - Epoch 23 Train Loss: 0.9888 Test Loss: 1.4845
2026-04-29 09:55:30,330 - INFO - Epoch 24 Train Loss: 0.9869 Test Loss: 1.4835
2026-04-29 09:55:30,417 - INFO - Epoch 25 Train Loss: 0.9851 Test Loss: 1.4826
2026-04-29 09:55:30,530 - INFO - Epoch 26 Train Loss: 0.9856 Test Loss: 1.4815
2026-04-29 09:55:30,626 - INFO - Epoch 27 Train Loss: 0.9856 Test Loss: 1.4808
2026-04-29 09:55:30,734 - INFO - Epoch 28 Train Loss: 0.9837 Test Loss: 1.4804
2026-04-29 09:55:30,853 - INFO - Epoch 29 Train Loss: 0.9829 Test Loss: 1.4800
2026-04-29 09:55:30,981 - INFO - Epoch 30 Train Loss: 0.9815 Test Loss: 1.4796
2026-04-29 09:55:31,102 - INFO - Epoch 31 Train Loss: 0.9819 Test Loss: 1.4791
2026-04-29 09:55:31,210 - INFO - Epoch 32 Train Loss: 0.9810 Test Loss: 1.4787
2026-04-29 09:55:31,336 - INFO - Epoch 33 Train Loss: 0.9819 Test Loss: 1.4785
2026-04-29 09:55:31,461 - INFO - Epoch 34 Train Loss: 0.9819 Test Loss: 1.4782
2026-04-29 09:55:31,580 - INFO - Epoch 35 Train Loss: 0.9804 Test Loss: 1.4781
2026-04-29 09:55:31,701 - INFO - Epoch 36 Train Loss: 0.9805 Test Loss: 1.4779
2026-04-29 09:55:31,812 - INFO - Epoch 37 Train Loss: 0.9808 Test Loss: 1.4778
2026-04-29 09:55:31,925 - INFO - Epoch 38 Train Loss: 0.9801 Test Loss: 1.4777
2026-04-29 09:55:32,084 - INFO - Epoch 39 Train Loss: 0.9810 Test Loss: 1.4775
2026-04-29 09:55:32,248 - INFO - Epoch 40 Train Loss: 0.9800 Test Loss: 1.4775
2026-04-29 09:55:32,396 - INFO - Epoch 41 Train Loss: 0.9794 Test Loss: 1.4774
2026-04-29 09:55:32,567 - INFO - Epoch 42 Train Loss: 0.9794 Test Loss: 1.4773
2026-04-29 09:55:32,700 - INFO - Epoch 43 Train Loss: 0.9784 Test Loss: 1.4773
2026-04-29 09:55:32,830 - INFO - Epoch 44 Train Loss: 0.9802 Test Loss: 1.4772
2026-04-29 09:55:32,980 - INFO - Epoch 45 Train Loss: 0.9801 Test Loss: 1.4771
2026-04-29 09:55:33,123 - INFO - Epoch 46 Train Loss: 0.9786 Test Loss: 1.4770
2026-04-29 09:55:33,250 - INFO - Epoch 47 Train Loss: 0.9781 Test Loss: 1.4772
2026-04-29 09:55:33,381 - INFO - Epoch 48 Train Loss: 0.9788 Test Loss: 1.4769
2026-04-29 09:55:33,502 - INFO - Epoch 49 Train Loss: 0.9800 Test Loss: 1.4770
2026-04-29 09:55:33,615 - INFO - Epoch 50 Train Loss: 0.9787 Test Loss: 1.4770
2026-04-29 09:55:33,615 - INFO - Done training
2026-04-29 09:55:33,615 - INFO - Starting evaluation
2026-04-29 09:57:01,564 - INFO - Final Stats:
Train MSE: 0.9790 Train Cost: 19.2326, Optimal Train Cost: 0.1286
Test MSE: 1.4770 Test Cost: 27.0082, Optimal Test Cost: 1.4877
2026-04-29 09:57:01,662 - INFO - Data saved to: C:\Users\Loper Laptop\Desktop\10-620 Independent Study\Code\experiments\healthy_ride\linear_mse\20260429_095412\results.parquet
2026-04-29 09:57:01,853 - INFO - Starting simulation!
2026-04-29 09:57:24,488 - INFO - Starting complete!
2026-04-29 09:57:24,488 - INFO - Simulation Metrics: 
Lost Demand         56.087671
Over Capacity       10.386301
Forced Returns       2.213699
Moved Bikes        294.079452
Total Inventory    541.920548
dtype: float64
