2026-04-28 09:27:43,937 - INFO - Starting Experiment: linear_mse
2026-04-28 09:27:43,937 - INFO - Run directory created at: C:\Users\Loper Laptop\Desktop\10-620 Independent Study\Code\experiments\pogoh\linear_mse\20260428_092743
2026-04-28 09:27:44,249 - INFO - Set parameter Username
2026-04-28 09:27:44,249 - INFO - Set parameter LicenseID to value 2774727
2026-04-28 09:27:44,256 - INFO - Academic license - for non-commercial use only - expires 2027-02-03
2026-04-28 09:28:48,794 - INFO - Epoch 1 Train Loss: 12.6449 Test Loss: 21.6184
2026-04-28 09:28:48,933 - INFO - Epoch 2 Train Loss: 12.2373 Test Loss: 21.1799
2026-04-28 09:28:49,029 - INFO - Epoch 3 Train Loss: 11.9355 Test Loss: 20.8445
2026-04-28 09:28:49,113 - INFO - Epoch 4 Train Loss: 11.7301 Test Loss: 20.5829
2026-04-28 09:28:49,271 - INFO - Epoch 5 Train Loss: 11.5704 Test Loss: 20.3531
2026-04-28 09:28:49,374 - INFO - Epoch 6 Train Loss: 11.4011 Test Loss: 20.1546
2026-04-28 09:28:49,464 - INFO - Epoch 7 Train Loss: 11.3076 Test Loss: 19.9908
2026-04-28 09:28:49,574 - INFO - Epoch 8 Train Loss: 11.2022 Test Loss: 19.8415
2026-04-28 09:28:49,669 - INFO - Epoch 9 Train Loss: 11.1004 Test Loss: 19.6895
2026-04-28 09:28:49,766 - INFO - Epoch 10 Train Loss: 11.0348 Test Loss: 19.5613
2026-04-28 09:28:49,851 - INFO - Epoch 11 Train Loss: 10.9641 Test Loss: 19.4572
2026-04-28 09:28:49,932 - INFO - Epoch 12 Train Loss: 10.9069 Test Loss: 19.3428
2026-04-28 09:28:50,013 - INFO - Epoch 13 Train Loss: 10.8407 Test Loss: 19.2505
2026-04-28 09:28:50,094 - INFO - Epoch 14 Train Loss: 10.7717 Test Loss: 19.1621
2026-04-28 09:28:50,184 - INFO - Epoch 15 Train Loss: 10.7267 Test Loss: 19.0826
2026-04-28 09:28:50,267 - INFO - Epoch 16 Train Loss: 10.6895 Test Loss: 19.0097
2026-04-28 09:28:50,346 - INFO - Epoch 17 Train Loss: 10.6587 Test Loss: 18.9429
2026-04-28 09:28:50,434 - INFO - Epoch 18 Train Loss: 10.6261 Test Loss: 18.8813
2026-04-28 09:28:50,531 - INFO - Epoch 19 Train Loss: 10.5938 Test Loss: 18.8232
2026-04-28 09:28:50,612 - INFO - Epoch 20 Train Loss: 10.5655 Test Loss: 18.7614
2026-04-28 09:28:50,692 - INFO - Epoch 21 Train Loss: 10.5504 Test Loss: 18.7119
2026-04-28 09:28:50,774 - INFO - Epoch 22 Train Loss: 10.5049 Test Loss: 18.6715
2026-04-28 09:28:50,862 - INFO - Epoch 23 Train Loss: 10.5039 Test Loss: 18.6249
2026-04-28 09:28:50,943 - INFO - Epoch 24 Train Loss: 10.4885 Test Loss: 18.5857
2026-04-28 09:28:51,031 - INFO - Epoch 25 Train Loss: 10.4609 Test Loss: 18.5425
2026-04-28 09:28:51,111 - INFO - Epoch 26 Train Loss: 10.4351 Test Loss: 18.5194
2026-04-28 09:28:51,191 - INFO - Epoch 27 Train Loss: 10.4223 Test Loss: 18.4723
2026-04-28 09:28:51,280 - INFO - Epoch 28 Train Loss: 10.4119 Test Loss: 18.4470
2026-04-28 09:28:51,360 - INFO - Epoch 29 Train Loss: 10.3933 Test Loss: 18.4095
2026-04-28 09:28:51,449 - INFO - Epoch 30 Train Loss: 10.3866 Test Loss: 18.3931
2026-04-28 09:28:51,562 - INFO - Epoch 31 Train Loss: 10.3741 Test Loss: 18.3656
2026-04-28 09:28:51,650 - INFO - Epoch 32 Train Loss: 10.3560 Test Loss: 18.3458
2026-04-28 09:28:51,731 - INFO - Epoch 33 Train Loss: 10.3511 Test Loss: 18.3186
2026-04-28 09:28:51,844 - INFO - Epoch 34 Train Loss: 10.3564 Test Loss: 18.3077
2026-04-28 09:28:51,955 - INFO - Epoch 35 Train Loss: 10.3545 Test Loss: 18.2744
2026-04-28 09:28:52,032 - INFO - Epoch 36 Train Loss: 10.3498 Test Loss: 18.2634
2026-04-28 09:28:52,144 - INFO - Epoch 37 Train Loss: 10.3418 Test Loss: 18.2450
2026-04-28 09:28:52,300 - INFO - Epoch 38 Train Loss: 10.3328 Test Loss: 18.2370
2026-04-28 09:28:52,381 - INFO - Epoch 39 Train Loss: 10.3105 Test Loss: 18.2166
2026-04-28 09:28:52,462 - INFO - Epoch 40 Train Loss: 10.3214 Test Loss: 18.1950
2026-04-28 09:28:52,560 - INFO - Epoch 41 Train Loss: 10.3141 Test Loss: 18.1986
2026-04-28 09:28:52,664 - INFO - Epoch 42 Train Loss: 10.2916 Test Loss: 18.1753
2026-04-28 09:28:52,745 - INFO - Epoch 43 Train Loss: 10.3205 Test Loss: 18.1754
2026-04-28 09:28:52,834 - INFO - Epoch 44 Train Loss: 10.3085 Test Loss: 18.1523
2026-04-28 09:28:52,915 - INFO - Epoch 45 Train Loss: 10.2930 Test Loss: 18.1431
2026-04-28 09:28:52,996 - INFO - Epoch 46 Train Loss: 10.3124 Test Loss: 18.1382
2026-04-28 09:28:53,101 - INFO - Epoch 47 Train Loss: 10.3023 Test Loss: 18.1333
2026-04-28 09:28:53,246 - INFO - Epoch 48 Train Loss: 10.2973 Test Loss: 18.1146
2026-04-28 09:28:53,350 - INFO - Epoch 49 Train Loss: 10.2850 Test Loss: 18.1233
2026-04-28 09:28:53,446 - INFO - Epoch 50 Train Loss: 10.2972 Test Loss: 18.1091
2026-04-28 09:28:53,446 - INFO - Done training!
2026-04-28 09:28:53,446 - INFO - Starting evaluation
2026-04-28 09:29:57,263 - INFO - Final Stats:
Train MSE: 10.2931 Train Cost: 20.5116, Optimal Train Cost: 0.5486
Test MSE: 18.1091 Test Cost: 37.1726, Optimal Test Cost: 2.8055
2026-04-28 09:29:57,369 - INFO - Data saved to: C:\Users\Loper Laptop\Desktop\10-620 Independent Study\Code\experiments\pogoh\linear_mse\20260428_092743\results.parquet
2026-04-28 09:29:59,565 - INFO - Starting simulation!
2026-04-28 09:30:44,177 - INFO - Starting complete!
2026-04-28 09:30:44,193 - INFO - Simulation Metrics: 
Lost Demand        108.961644
Over Capacity      120.347945
Forced Returns      65.531507
Moved Bikes        344.161644
Total Inventory    534.931507
dtype: float64
