2026-05-02 20:25:09,495 - INFO - Starting Experiment: linear_mse
2026-05-02 20:25:09,495 - INFO - Run directory created at: C:\Users\Loper Laptop\Desktop\10-620 Independent Study\Code\experiments\targets\healthy_ride\linear_mse\20260502_202509
2026-05-02 20:25:09,702 - INFO - Set parameter Username
2026-05-02 20:25:09,702 - INFO - Set parameter LicenseID to value 2774727
2026-05-02 20:25:09,704 - INFO - Academic license - for non-commercial use only - expires 2027-02-03
2026-05-02 20:26:20,634 - INFO - Epoch 1 Train Loss: 1.2659 Test Loss: 1.7791
2026-05-02 20:26:20,759 - INFO - Epoch 2 Train Loss: 1.2231 Test Loss: 1.7405
2026-05-02 20:26:20,897 - INFO - Epoch 3 Train Loss: 1.1847 Test Loss: 1.7072
2026-05-02 20:26:21,018 - INFO - Epoch 4 Train Loss: 1.1529 Test Loss: 1.6788
2026-05-02 20:26:21,145 - INFO - Epoch 5 Train Loss: 1.1274 Test Loss: 1.6539
2026-05-02 20:26:21,268 - INFO - Epoch 6 Train Loss: 1.1056 Test Loss: 1.6332
2026-05-02 20:26:21,419 - INFO - Epoch 7 Train Loss: 1.0841 Test Loss: 1.6153
2026-05-02 20:26:21,537 - INFO - Epoch 8 Train Loss: 1.0659 Test Loss: 1.5999
2026-05-02 20:26:21,675 - INFO - Epoch 9 Train Loss: 1.0504 Test Loss: 1.5870
2026-05-02 20:26:21,801 - INFO - Epoch 10 Train Loss: 1.0375 Test Loss: 1.5756
2026-05-02 20:26:21,947 - INFO - Epoch 11 Train Loss: 1.0266 Test Loss: 1.5664
2026-05-02 20:26:22,063 - INFO - Epoch 12 Train Loss: 1.0171 Test Loss: 1.5582
2026-05-02 20:26:22,209 - INFO - Epoch 13 Train Loss: 1.0099 Test Loss: 1.5512
2026-05-02 20:26:22,340 - INFO - Epoch 14 Train Loss: 1.0016 Test Loss: 1.5452
2026-05-02 20:26:22,475 - INFO - Epoch 15 Train Loss: 0.9952 Test Loss: 1.5404
2026-05-02 20:26:22,602 - INFO - Epoch 16 Train Loss: 0.9884 Test Loss: 1.5361
2026-05-02 20:26:22,739 - INFO - Epoch 17 Train Loss: 0.9844 Test Loss: 1.5324
2026-05-02 20:26:22,867 - INFO - Epoch 18 Train Loss: 0.9831 Test Loss: 1.5292
2026-05-02 20:26:22,985 - INFO - Epoch 19 Train Loss: 0.9784 Test Loss: 1.5268
2026-05-02 20:26:23,105 - INFO - Epoch 20 Train Loss: 0.9748 Test Loss: 1.5248
2026-05-02 20:26:23,220 - INFO - Epoch 21 Train Loss: 0.9727 Test Loss: 1.5229
2026-05-02 20:26:23,325 - INFO - Epoch 22 Train Loss: 0.9710 Test Loss: 1.5212
2026-05-02 20:26:23,426 - INFO - Epoch 23 Train Loss: 0.9690 Test Loss: 1.5200
2026-05-02 20:26:23,558 - INFO - Epoch 24 Train Loss: 0.9681 Test Loss: 1.5185
2026-05-02 20:26:23,676 - INFO - Epoch 25 Train Loss: 0.9654 Test Loss: 1.5175
2026-05-02 20:26:23,677 - INFO - Done training
2026-05-02 20:26:23,677 - INFO - Starting evaluation
2026-05-02 20:27:39,234 - INFO - Final Stats:
Train MSE: 0.9828 Train Cost: 7.5130, Optimal Train Cost: 0.0205
Test MSE: 1.4301 Test Cost: 10.9342, Optimal Test Cost: 0.4082
2026-05-02 20:27:39,300 - INFO - Data saved to: C:\Users\Loper Laptop\Desktop\10-620 Independent Study\Code\experiments\targets\healthy_ride\linear_mse\20260502_202509\results.parquet
