2026-04-28 20:55:44,432 - INFO - Starting Experiment: simple
2026-04-28 20:55:44,432 - INFO - Run directory created at: C:\Users\Loper Laptop\Desktop\10-620 Independent Study\Code\experiments\pogoh\simple\20260428_205544
2026-04-28 20:55:44,572 - INFO - Set parameter Username
2026-04-28 20:55:44,572 - INFO - Set parameter LicenseID to value 2774727
2026-04-28 20:55:44,572 - INFO - Academic license - for non-commercial use only - expires 2027-02-03
2026-04-28 20:56:12,902 - INFO - Epoch 1 Train Loss: 1.1107 Test Loss: 2.7743
2026-04-28 20:56:12,902 - INFO - Done training
2026-04-28 20:56:12,902 - INFO - Starting evaluation
2026-04-28 20:56:40,787 - INFO - Final Stats:
Train MSE: 82.9885 Train Cost: 8.2601, Optimal Train Cost: 0.7688
Test MSE: 84.7897 Test Cost: 16.0384, Optimal Test Cost: 2.8055
2026-04-28 20:56:40,822 - INFO - Data saved to: C:\Users\Loper Laptop\Desktop\10-620 Independent Study\Code\experiments\pogoh\simple\20260428_205544\results.parquet
2026-04-28 20:56:41,852 - INFO - Starting simulation!
2026-04-28 20:56:56,857 - INFO - Starting complete!
2026-04-28 20:56:56,862 - INFO - Simulation Metrics: 
Lost Demand         52.189041
Over Capacity       88.852055
Forced Returns      55.679452
Moved Bikes        152.073973
Total Inventory    534.920548
dtype: float64
