2026-05-02 20:20:39,374 - INFO - Starting Experiment: linear_dfl
2026-05-02 20:20:39,374 - INFO - Run directory created at: C:\Users\Loper Laptop\Desktop\10-620 Independent Study\Code\experiments\targets\healthy_ride\linear_dfl\20260502_202039
2026-05-02 20:20:40,346 - INFO - Set parameter Username
2026-05-02 20:20:40,346 - INFO - Set parameter LicenseID to value 2774727
2026-05-02 20:20:40,346 - INFO - Academic license - for non-commercial use only - expires 2027-02-03
2026-05-02 20:21:45,133 - INFO - Epoch 1 Train Loss: 1.2726 Test Loss: 1.7479
2026-05-02 20:21:45,269 - INFO - Epoch 2 Train Loss: 1.2300 Test Loss: 1.7091
2026-05-02 20:21:45,369 - INFO - Epoch 3 Train Loss: 1.1946 Test Loss: 1.6752
2026-05-02 20:21:45,469 - INFO - Epoch 4 Train Loss: 1.1620 Test Loss: 1.6465
2026-05-02 20:21:45,569 - INFO - Epoch 5 Train Loss: 1.1369 Test Loss: 1.6219
2026-05-02 20:21:45,684 - INFO - Epoch 6 Train Loss: 1.1132 Test Loss: 1.6008
2026-05-02 20:21:45,813 - INFO - Epoch 7 Train Loss: 1.0943 Test Loss: 1.5828
2026-05-02 20:21:45,937 - INFO - Epoch 8 Train Loss: 1.0780 Test Loss: 1.5671
2026-05-02 20:21:46,049 - INFO - Epoch 9 Train Loss: 1.0637 Test Loss: 1.5537
2026-05-02 20:21:46,164 - INFO - Epoch 10 Train Loss: 1.0540 Test Loss: 1.5424
2026-05-02 20:21:46,298 - INFO - Epoch 11 Train Loss: 1.0419 Test Loss: 1.5328
2026-05-02 20:21:46,410 - INFO - Epoch 12 Train Loss: 1.0322 Test Loss: 1.5246
2026-05-02 20:21:46,537 - INFO - Epoch 13 Train Loss: 1.0265 Test Loss: 1.5174
2026-05-02 20:21:46,681 - INFO - Epoch 14 Train Loss: 1.0197 Test Loss: 1.5113
2026-05-02 20:21:46,794 - INFO - Epoch 15 Train Loss: 1.0124 Test Loss: 1.5061
2026-05-02 20:21:46,912 - INFO - Epoch 16 Train Loss: 1.0072 Test Loss: 1.5021
2026-05-02 20:21:47,020 - INFO - Epoch 17 Train Loss: 1.0033 Test Loss: 1.4982
2026-05-02 20:21:47,186 - INFO - Epoch 18 Train Loss: 1.0013 Test Loss: 1.4949
2026-05-02 20:21:47,290 - INFO - Epoch 19 Train Loss: 0.9965 Test Loss: 1.4922
2026-05-02 20:21:47,411 - INFO - Epoch 20 Train Loss: 0.9945 Test Loss: 1.4901
2026-05-02 20:21:47,504 - INFO - Epoch 21 Train Loss: 0.9945 Test Loss: 1.4881
2026-05-02 20:21:47,594 - INFO - Epoch 22 Train Loss: 0.9920 Test Loss: 1.4863
2026-05-02 20:21:47,696 - INFO - Epoch 23 Train Loss: 0.9902 Test Loss: 1.4851
2026-05-02 20:21:47,804 - INFO - Epoch 24 Train Loss: 0.9886 Test Loss: 1.4838
2026-05-02 20:21:47,910 - INFO - Epoch 25 Train Loss: 0.9864 Test Loss: 1.4828
2026-05-02 20:21:47,910 - INFO - Done training
2026-05-02 20:21:47,910 - INFO - Starting evaluation
2026-05-02 20:23:01,818 - INFO - Final Stats:
Train MSE: 2.6036 Train Cost: 19.4993, Optimal Train Cost: 0.1286
Test MSE: 3.5961 Test Cost: 27.2466, Optimal Test Cost: 1.4877
2026-05-02 20:23:01,905 - INFO - Data saved to: C:\Users\Loper Laptop\Desktop\10-620 Independent Study\Code\experiments\targets\healthy_ride\linear_dfl\20260502_202039\results.parquet
