2026-04-28 14:56:08,084 - INFO - Starting Experiment: linear_mse
2026-04-28 14:56:08,084 - INFO - Run directory created at: C:\Users\Loper Laptop\Desktop\10-620 Independent Study\Code\experiments\pogoh\linear_mse\20260428_145608
2026-04-28 14:56:08,278 - INFO - Set parameter Username
2026-04-28 14:56:08,278 - INFO - Set parameter LicenseID to value 2774727
2026-04-28 14:56:08,279 - INFO - Academic license - for non-commercial use only - expires 2027-02-03
2026-04-28 14:56:43,722 - INFO - Epoch 1 Train Loss: 1.1140 Test Loss: 2.7874
2026-04-28 14:56:43,806 - INFO - Epoch 2 Train Loss: 0.9723 Test Loss: 2.7109
2026-04-28 14:56:43,884 - INFO - Epoch 3 Train Loss: 0.9328 Test Loss: 2.6938
2026-04-28 14:56:43,946 - INFO - Epoch 4 Train Loss: 0.9366 Test Loss: 2.6915
2026-04-28 14:56:44,008 - INFO - Epoch 5 Train Loss: 0.9208 Test Loss: 2.6900
2026-04-28 14:56:44,069 - INFO - Epoch 6 Train Loss: 0.9199 Test Loss: 2.6878
2026-04-28 14:56:44,130 - INFO - Epoch 7 Train Loss: 0.9420 Test Loss: 2.6897
2026-04-28 14:56:44,195 - INFO - Epoch 8 Train Loss: 0.9149 Test Loss: 2.6898
2026-04-28 14:56:44,266 - INFO - Epoch 9 Train Loss: 0.9154 Test Loss: 2.6873
2026-04-28 14:56:44,331 - INFO - Epoch 10 Train Loss: 0.9230 Test Loss: 2.6886
2026-04-28 14:56:44,396 - INFO - Epoch 11 Train Loss: 0.9135 Test Loss: 2.6902
2026-04-28 14:56:44,468 - INFO - Epoch 12 Train Loss: 0.9399 Test Loss: 2.6872
2026-04-28 14:56:44,544 - INFO - Epoch 13 Train Loss: 0.9260 Test Loss: 2.6873
2026-04-28 14:56:44,615 - INFO - Epoch 14 Train Loss: 0.9367 Test Loss: 2.6890
2026-04-28 14:56:44,686 - INFO - Epoch 15 Train Loss: 0.9130 Test Loss: 2.6897
2026-04-28 14:56:44,755 - INFO - Epoch 16 Train Loss: 0.9086 Test Loss: 2.6908
2026-04-28 14:56:44,823 - INFO - Epoch 17 Train Loss: 0.9155 Test Loss: 2.6923
2026-04-28 14:56:44,890 - INFO - Epoch 18 Train Loss: 0.9133 Test Loss: 2.6896
2026-04-28 14:56:44,965 - INFO - Epoch 19 Train Loss: 0.9380 Test Loss: 2.6886
2026-04-28 14:56:45,033 - INFO - Epoch 20 Train Loss: 0.9077 Test Loss: 2.6881
2026-04-28 14:56:45,102 - INFO - Epoch 21 Train Loss: 0.9232 Test Loss: 2.6908
2026-04-28 14:56:45,177 - INFO - Epoch 22 Train Loss: 0.9140 Test Loss: 2.6880
2026-04-28 14:56:45,244 - INFO - Epoch 23 Train Loss: 0.9120 Test Loss: 2.6909
2026-04-28 14:56:45,313 - INFO - Epoch 24 Train Loss: 0.9204 Test Loss: 2.6907
2026-04-28 14:56:45,382 - INFO - Epoch 25 Train Loss: 0.9320 Test Loss: 2.6890
2026-04-28 14:56:45,448 - INFO - Epoch 26 Train Loss: 0.9159 Test Loss: 2.6897
2026-04-28 14:56:45,516 - INFO - Epoch 27 Train Loss: 0.9148 Test Loss: 2.6892
2026-04-28 14:56:45,584 - INFO - Epoch 28 Train Loss: 0.9035 Test Loss: 2.6891
2026-04-28 14:56:45,648 - INFO - Epoch 29 Train Loss: 0.9222 Test Loss: 2.6909
2026-04-28 14:56:45,708 - INFO - Epoch 30 Train Loss: 0.9181 Test Loss: 2.6898
2026-04-28 14:56:45,768 - INFO - Epoch 31 Train Loss: 0.9269 Test Loss: 2.6899
2026-04-28 14:56:45,845 - INFO - Epoch 32 Train Loss: 0.9375 Test Loss: 2.6904
2026-04-28 14:56:45,933 - INFO - Epoch 33 Train Loss: 0.9208 Test Loss: 2.6913
2026-04-28 14:56:45,993 - INFO - Epoch 34 Train Loss: 0.9026 Test Loss: 2.6907
2026-04-28 14:56:46,066 - INFO - Epoch 35 Train Loss: 0.9168 Test Loss: 2.6895
2026-04-28 14:56:46,137 - INFO - Epoch 36 Train Loss: 0.9184 Test Loss: 2.6900
2026-04-28 14:56:46,212 - INFO - Epoch 37 Train Loss: 0.9179 Test Loss: 2.6912
2026-04-28 14:56:46,286 - INFO - Epoch 38 Train Loss: 0.9298 Test Loss: 2.6930
2026-04-28 14:56:46,359 - INFO - Epoch 39 Train Loss: 0.9091 Test Loss: 2.6919
2026-04-28 14:56:46,439 - INFO - Epoch 40 Train Loss: 0.9122 Test Loss: 2.6907
2026-04-28 14:56:46,507 - INFO - Epoch 41 Train Loss: 0.9205 Test Loss: 2.6897
2026-04-28 14:56:46,591 - INFO - Epoch 42 Train Loss: 0.9116 Test Loss: 2.6886
2026-04-28 14:56:46,677 - INFO - Epoch 43 Train Loss: 0.9233 Test Loss: 2.6920
2026-04-28 14:56:46,774 - INFO - Epoch 44 Train Loss: 0.9122 Test Loss: 2.6898
2026-04-28 14:56:46,862 - INFO - Epoch 45 Train Loss: 0.9105 Test Loss: 2.6888
2026-04-28 14:56:46,933 - INFO - Epoch 46 Train Loss: 0.9130 Test Loss: 2.6911
2026-04-28 14:56:47,009 - INFO - Epoch 47 Train Loss: 0.9148 Test Loss: 2.6915
2026-04-28 14:56:47,088 - INFO - Epoch 48 Train Loss: 0.9120 Test Loss: 2.6909
2026-04-28 14:56:47,181 - INFO - Epoch 49 Train Loss: 0.9202 Test Loss: 2.6900
2026-04-28 14:56:47,302 - INFO - Epoch 50 Train Loss: 0.9302 Test Loss: 2.6890
2026-04-28 14:56:47,302 - INFO - Done training
2026-04-28 14:56:47,302 - INFO - Starting evaluation
2026-04-28 14:57:24,004 - INFO - Final Stats:
Train MSE: 0.9092 Train Cost: 24.1060, Optimal Train Cost: 0.7688
Test MSE: 2.6890 Test Cost: 35.8164, Optimal Test Cost: 2.8055
2026-04-28 14:57:24,046 - INFO - Data saved to: C:\Users\Loper Laptop\Desktop\10-620 Independent Study\Code\experiments\pogoh\linear_mse\20260428_145608\results.parquet
2026-04-28 14:57:25,135 - INFO - Starting simulation!
2026-04-28 14:57:48,425 - INFO - Starting complete!
2026-04-28 14:57:48,429 - INFO - Simulation Metrics: 
Lost Demand        109.745205
Over Capacity      119.624658
Forced Returns      65.353425
Moved Bikes        337.147945
Total Inventory    534.926027
dtype: float64
